2023-04-03 01:04:22.790950 - Initialized conversion of CBT545
2023-04-03 01:04:23.248623 - Received CBT.V504.FILE545.PDS from FILE545.XMI 
2023-04-03 01:04:23.251567 - Found $$$#DATE.txt (text/plain) in CBT.V504.FILE545.PDS, moved to PDS/$$$#DATE
2023-04-03 01:04:23.252630 - Found @FILE545.txt (text/plain) in CBT.V504.FILE545.PDS, moved to PDS/@FILE545
2023-04-03 01:04:23.254188 - Found BCDVAL.txt (text/plain) in CBT.V504.FILE545.PDS, moved to PDS/BCDVAL
2023-04-03 01:04:23.255402 - Found BISEARCH.txt (text/plain) in CBT.V504.FILE545.PDS, moved to PDS/BISEARCH
2023-04-03 01:04:23.256738 - Found CMSINTER.txt (text/plain) in CBT.V504.FILE545.PDS, moved to PDS/CMSINTER
2023-04-03 01:04:23.257726 - Found DISCLAIM.txt (text/plain) in CBT.V504.FILE545.PDS, moved to PDS/DISCLAIM
2023-04-03 01:04:23.258681 - Found DOSINTER.txt (text/plain) in CBT.V504.FILE545.PDS, moved to PDS/DOSINTER
2023-04-03 01:04:23.259671 - Found DOSPLIO.txt (text/plain) in CBT.V504.FILE545.PDS, moved to PDS/DOSPLIO
2023-04-03 01:04:23.260769 - Found DOSPL360.txt (text/plain) in CBT.V504.FILE545.PDS, moved to PDS/DOSPL360
2023-04-03 01:04:23.261800 - Found GRAMMAR.txt (text/plain) in CBT.V504.FILE545.PDS, moved to PDS/GRAMMAR
2023-04-03 01:04:23.351143 - Found MANUAL.xmi (application/xmit) in CBT.V504.FILE545.PDS
2023-04-03 01:04:23.355792   - Received to CBT545/PL360.MANUAL
2023-04-03 01:04:23.357090 - Found MTSINTER.txt (text/plain) in CBT.V504.FILE545.PDS, moved to PDS/MTSINTER
2023-04-03 01:04:23.358138 - Found MVSINTER.txt (text/plain) in CBT.V504.FILE545.PDS, moved to PDS/MVSINTER
2023-04-03 01:04:23.358149 - Found MVSOBJ.bin containing application/octet-stream, moved to PDS/MVSOBJ
2023-04-03 01:04:23.360673 - Found MVSOBSRC.txt (text/plain) in CBT.V504.FILE545.PDS, moved to PDS/MVSOBSRC
2023-04-03 01:04:23.361749 - Found MVSPLIO.txt (text/plain) in CBT.V504.FILE545.PDS, moved to PDS/MVSPLIO
2023-04-03 01:04:23.362857 - Found MVSPL360.txt (text/plain) in CBT.V504.FILE545.PDS, moved to PDS/MVSPL360
2023-04-03 01:04:23.364005 - Found ORVINTER.txt (text/plain) in CBT.V504.FILE545.PDS, moved to PDS/ORVINTER
2023-04-03 01:04:23.365109 - Found ORVRUNTI.jcl (text/plain) in CBT.V504.FILE545.PDS, moved to PDS/ORVRUNTI
2023-04-03 01:04:23.366369 - Found PL3LINK.txt (text/plain) in CBT.V504.FILE545.PDS, moved to PDS/PL3LINK
2023-04-03 01:04:23.366381 - Found PL3OBJ.bin containing application/octet-stream, moved to PDS/PL3OBJ
2023-04-03 01:04:23.369392 - Found PL3OBSRC.txt (text/plain) in CBT.V504.FILE545.PDS, moved to PDS/PL3OBSRC
2023-04-03 01:04:23.370905 - Found PL360SRC.txt (text/plain) in CBT.V504.FILE545.PDS, moved to PDS/PL360SRC
2023-04-03 01:04:23.372002 - Found PROCLIB.txt (text/plain) in CBT.V504.FILE545.PDS, moved to PDS/PROCLIB
2023-04-03 01:04:23.373126 - Found RUNLIB.txt (text/plain) in CBT.V504.FILE545.PDS, moved to PDS/RUNLIB
2023-04-03 01:04:23.374416 - Found SHELSORT.txt (text/plain) in CBT.V504.FILE545.PDS, moved to PDS/SHELSORT
2023-04-03 01:04:23.375558 - Found SYNPROC.txt (text/plain) in CBT.V504.FILE545.PDS, moved to PDS/SYNPROC
